Using pre-set license
Built from '2022.3/staging' branch; Version is '2022.3.52f1 (1120fcb54228) revision 1122556'; Using compiler version '192829333'; Build Type 'Release'
OS: 'Windows 11  (10.0.22631) 64bit Professional' Language: 'zh' Physical Memory: 32471 MB
BatchMode: 1, IsHumanControllingUs: 0, StartBugReporterOnCrash: 0, Is64bit: 1, IsPro: 1

COMMAND LINE ARGUMENTS:
C:\Program Files\Unity\Hub\Editor\2022.3.52f1\Editor\Unity.exe
-adb2
-batchMode
-noUpm
-name
AssetImportWorker0
-projectPath
C:/Users/justx/UnityProject/UnityProject
-logFile
Logs/AssetImportWorker0.log
-srvPort
50944
Successfully changed project path to: C:/Users/justx/UnityProject/UnityProject
C:/Users/justx/UnityProject/UnityProject
[UnityMemory] Configuration Parameters - Can be set up in boot.config
    "memorysetup-bucket-allocator-granularity=16"
    "memorysetup-bucket-allocator-bucket-count=8"
    "memorysetup-bucket-allocator-block-size=33554432"
    "memorysetup-bucket-allocator-block-count=8"
    "memorysetup-main-allocator-block-size=16777216"
    "memorysetup-thread-allocator-block-size=16777216"
    "memorysetup-gfx-main-allocator-block-size=16777216"
    "memorysetup-gfx-thread-allocator-block-size=16777216"
    "memorysetup-cache-allocator-block-size=4194304"
    "memorysetup-typetree-allocator-block-size=2097152"
    "memorysetup-profiler-bucket-allocator-granularity=16"
    "memorysetup-profiler-bucket-allocator-bucket-count=8"
    "memorysetup-profiler-bucket-allocator-block-size=33554432"
    "memorysetup-profiler-bucket-allocator-block-count=8"
    "memorysetup-profiler-allocator-block-size=16777216"
    "memorysetup-profiler-editor-allocator-block-size=1048576"
    "memorysetup-temp-allocator-size-main=16777216"
    "memorysetup-job-temp-allocator-block-size=2097152"
    "memorysetup-job-temp-allocator-block-size-background=1048576"
    "memorysetup-job-temp-allocator-reduction-small-platforms=262144"
    "memorysetup-allocator-temp-initial-block-size-main=262144"
    "memorysetup-allocator-temp-initial-block-size-worker=262144"
    "memorysetup-temp-allocator-size-background-worker=32768"
    "memorysetup-temp-allocator-size-job-worker=262144"
    "memorysetup-temp-allocator-size-preload-manager=33554432"
    "memorysetup-temp-allocator-size-nav-mesh-worker=65536"
    "memorysetup-temp-allocator-size-audio-worker=65536"
    "memorysetup-temp-allocator-size-cloud-worker=32768"
    "memorysetup-temp-allocator-size-gi-baking-worker=262144"
    "memorysetup-temp-allocator-size-gfx=262144"
Player connection [4564]  Target information:

Player connection [4564]  * "[IP] 192.168.0.114 [Port] 0 [Flags] 2 [Guid] 3824811143 [EditorId] 3824811143 [Version] 1048832 [Id] WindowsEditor(7,¦öªºµ§¹q) [Debug] 1 [PackageName] WindowsEditor [ProjectName] Editor" 

Player connection [4564] Host joined multi-casting on [225.0.0.222:54997]...
Player connection [4564] Host joined alternative multi-casting on [225.0.0.222:34997]...
[PhysX] Initialized MultithreadedTaskDispatcher with 20 workers.
Refreshing native plugins compatible for Editor in 6.34 ms, found 3 plugins.
Preloading 0 native plugins for Editor in 0.00 ms.
Initialize engine version: 2022.3.52f1 (1120fcb54228)
[Subsystems] Discovering subsystems at path C:/Program Files/Unity/Hub/Editor/2022.3.52f1/Editor/Data/Resources/UnitySubsystems
[Subsystems] Discovering subsystems at path C:/Users/justx/UnityProject/UnityProject/Assets
GfxDevice: creating device client; threaded=0; jobified=0
Direct3D:
    Version:  Direct3D 11.0 [level 11.1]
    Renderer: NVIDIA GeForce RTX 4060 Laptop GPU (ID=0x28a0)
    Vendor:   NVIDIA
    VRAM:     7971 MB
    Driver:   31.0.15.3753
Initialize mono
Mono path[0] = 'C:/Program Files/Unity/Hub/Editor/2022.3.52f1/Editor/Data/Managed'
Mono path[1] = 'C:/Program Files/Unity/Hub/Editor/2022.3.52f1/Editor/Data/MonoBleedingEdge/lib/mono/unityjit-win32'
Mono config path = 'C:/Program Files/Unity/Hub/Editor/2022.3.52f1/Editor/Data/MonoBleedingEdge/etc'
Using monoOptions --debugger-agent=transport=dt_socket,embedding=1,server=y,suspend=n,address=127.0.0.1:56756
Begin MonoManager ReloadAssembly
Registering precompiled unity dll's ...
Register platform support module: C:/Program Files/Unity/Hub/Editor/2022.3.52f1/Editor/Data/PlaybackEngines/AndroidPlayer/UnityEditor.Android.Extensions.dll
Register platform support module: C:/Program Files/Unity/Hub/Editor/2022.3.52f1/Editor/Data/PlaybackEngines/iOSSupport/UnityEditor.iOS.Extensions.dll
Register platform support module: C:/Program Files/Unity/Hub/Editor/2022.3.52f1/Editor/Data/PlaybackEngines/WindowsStandaloneSupport/UnityEditor.WindowsStandalone.Extensions.dll
Register platform support module: C:/Program Files/Unity/Hub/Editor/2022.3.52f1/Editor/Data/PlaybackEngines/MetroSupport/UnityEditor.UWP.Extensions.dll
Registered in 0.006305 seconds.
- Loaded All Assemblies, in  0.254 seconds
Native extension for UWP target not found
Native extension for WindowsStandalone target not found
[usbmuxd] Start listen thread
[usbmuxd] Listen thread started
Native extension for iOS target not found
Native extension for Android target not found
Android Extension - Scanning For ADB Devices 252 ms
Mono: successfully reloaded assembly
- Finished resetting the current domain, in  0.477 seconds
Domain Reload Profiling: 730ms
	BeginReloadAssembly (74ms)
		ExecutionOrderSort (0ms)
		DisableScriptedObjects (0ms)
		BackupInstance (0ms)
		ReleaseScriptingObjects (0ms)
		CreateAndSetChildDomain (1ms)
	RebuildCommonClasses (23ms)
	RebuildNativeTypeToScriptingClass (7ms)
	initialDomainReloadingComplete (41ms)
	LoadAllAssembliesAndSetupDomain (107ms)
		LoadAssemblies (74ms)
		RebuildTransferFunctionScriptingTraits (0ms)
		AnalyzeDomain (105ms)
			TypeCache.Refresh (104ms)
				TypeCache.ScanAssembly (95ms)
			ScanForSourceGeneratedMonoScriptInfo (0ms)
			ResolveRequiredComponents (0ms)
	FinalizeReload (477ms)
		ReleaseScriptCaches (0ms)
		RebuildScriptCaches (0ms)
		SetupLoadedEditorAssemblies (445ms)
			LogAssemblyErrors (0ms)
			InitializePlatformSupportModulesInManaged (316ms)
			SetLoadedEditorAssemblies (3ms)
			RefreshPlugins (0ms)
			BeforeProcessingInitializeOnLoad (2ms)
			ProcessInitializeOnLoadAttributes (90ms)
			ProcessInitializeOnLoadMethodAttributes (33ms)
			AfterProcessingInitializeOnLoad (0ms)
			EditorAssembliesLoaded (0ms)
		ExecutionOrderSort2 (0ms)
		AwakeInstancesAfterBackupRestoration (0ms)
========================================================================
Worker process is ready to serve import requests
Caller must complete domain reload
Begin MonoManager ReloadAssembly
- Loaded All Assemblies, in  0.438 seconds
Native extension for UWP target not found
Native extension for WindowsStandalone target not found
Native extension for iOS target not found
Native extension for Android target not found
Mono: successfully reloaded assembly
- Finished resetting the current domain, in  0.442 seconds
Domain Reload Profiling: 879ms
	BeginReloadAssembly (103ms)
		ExecutionOrderSort (0ms)
		DisableScriptedObjects (4ms)
		BackupInstance (0ms)
		ReleaseScriptingObjects (0ms)
		CreateAndSetChildDomain (15ms)
	RebuildCommonClasses (23ms)
	RebuildNativeTypeToScriptingClass (7ms)
	initialDomainReloadingComplete (29ms)
	LoadAllAssembliesAndSetupDomain (275ms)
		LoadAssemblies (209ms)
		RebuildTransferFunctionScriptingTraits (0ms)
		AnalyzeDomain (127ms)
			TypeCache.Refresh (112ms)
				TypeCache.ScanAssembly (100ms)
			ScanForSourceGeneratedMonoScriptInfo (11ms)
			ResolveRequiredComponents (3ms)
	FinalizeReload (442ms)
		ReleaseScriptCaches (0ms)
		RebuildScriptCaches (0ms)
		SetupLoadedEditorAssemblies (347ms)
			LogAssemblyErrors (0ms)
			InitializePlatformSupportModulesInManaged (23ms)
			SetLoadedEditorAssemblies (3ms)
			RefreshPlugins (0ms)
			BeforeProcessingInitializeOnLoad (38ms)
			ProcessInitializeOnLoadAttributes (264ms)
			ProcessInitializeOnLoadMethodAttributes (14ms)
			AfterProcessingInitializeOnLoad (4ms)
			EditorAssembliesLoaded (0ms)
		ExecutionOrderSort2 (0ms)
		AwakeInstancesAfterBackupRestoration (6ms)
Launched and connected shader compiler UnityShaderCompiler.exe after 0.03 seconds
Refreshing native plugins compatible for Editor in 2.72 ms, found 3 plugins.
Preloading 0 native plugins for Editor in 0.00 ms.
Unloading 3118 Unused Serialized files (Serialized files now loaded: 0)
Unloading 21 unused Assets / (487.1 KB). Loaded Objects now: 3603.
Memory consumption went from 248.4 MB to 247.9 MB.
Total: 2.890000 ms (FindLiveObjects: 0.183900 ms CreateObjectMapping: 0.060200 ms MarkObjects: 2.469200 ms  DeleteObjects: 0.175200 ms)

AssetImportParameters requested are different than current active one (requested -> active):
  custom:container-demuxer-ogg: 62fdf1f143b41e24485cea50d1cbac27 -> 
  custom:video-codec-MediaFoundation-h265: 746d11721c4dcdbdad8f713fa42b33f4 -> 
  custom:video-decoder-ogg-theora: a1e56fd34408186e4bbccfd4996cb3dc -> 
  custom:framework-win-MediaFoundation: 216162199b28c13a410421893ffa2e32 -> 
  custom:CustomObjectIndexerAttribute: 9a22284fe3817be447336de3de66b15e -> 
  custom:container-demuxer-webm: 4f35f7cbe854078d1ac9338744f61a02 -> 
  custom:container-muxer-webm: aa71ff27fc2769a1b78a27578f13a17b -> 
  custom:video-decoder-webm-vp8: 9c59270c3fd7afecdb556c50c9e8de78 -> 
  custom:SearchIndexIgnoredProperties: e643bd26f0fe6173181afceb89e7c659 -> 
  custom:AudioImporter_EditorPlatform: d09bf68614088b80899f8185d706f6e7 -> 
  custom:video-encoder-webm-vp8: eb34c28f22e8b96e1ab97ce403110664 -> 
  custom:audio-decoder-ogg-vorbis: bf7c407c2cedff20999df2af8eb42d56 -> 
  custom:audio-encoder-webm-vorbis: bf7c407c2cedff20999df2af8eb42d56 -> 
========================================================================
Received Import Request.
  Time since last request: 177.274117 seconds.
  path: Assets/Character
  artifactKey: Guid(ceaadb239de7c9444b4122b9a06f7ba5) Importer(815301076,1909f56bfc062723c751e8b465ee728b)
Start importing Assets/Character using Guid(ceaadb239de7c9444b4122b9a06f7ba5) Importer(815301076,1909f56bfc062723c751e8b465ee728b) [PhysX] Initialized MultithreadedTaskDispatcher with 20 workers.
 -> (artifact id: '036a6fde24ce0fe9f9e713a6a048c109') in 0.002283 seconds
Number of updated asset objects reloaded before import = 0
Number of asset objects unloaded after import = 0
========================================================================
Received Import Request.
  Time since last request: 53.608387 seconds.
  path: Assets/Character/Izul/IzulController.controller
  artifactKey: Guid(75f941a8946ef434389decc360c40aba) Importer(815301076,1909f56bfc062723c751e8b465ee728b)
Start importing Assets/Character/Izul/IzulController.controller using Guid(75f941a8946ef434389decc360c40aba) Importer(815301076,1909f56bfc062723c751e8b465ee728b) [PhysX] Initialized MultithreadedTaskDispatcher with 20 workers.
 -> (artifact id: '1ca9372855d5b51c73b610156996aff4') in 0.008571 seconds
Number of updated asset objects reloaded before import = 0
Number of asset objects unloaded after import = 1
========================================================================
Received Import Request.
  Time since last request: 18.926778 seconds.
  path: Assets/Motion/é›™åˆ€/æœ‰å¤§é¢¨è»Š(é›™æ‰‹åŠ)çš„å„ç¨®åŸºæœ¬å‹•ä½œ/Animations/Combat/BlockingLoop.fbx
  artifactKey: Guid(4edd15bb15b9ecb48a4fbff4dc0b6cbb) Importer(815301076,1909f56bfc062723c751e8b465ee728b)
Start importing Assets/Motion/é›™åˆ€/æœ‰å¤§é¢¨è»Š(é›™æ‰‹åŠ)çš„å„ç¨®åŸºæœ¬å‹•ä½œ/Animations/Combat/BlockingLoop.fbx using Guid(4edd15bb15b9ecb48a4fbff4dc0b6cbb) Importer(815301076,1909f56bfc062723c751e8b465ee728b) [PhysX] Initialized MultithreadedTaskDispatcher with 20 workers.
 -> (artifact id: 'f0185b7661ba3f633221da0658d8cb4d') in 0.018573 seconds
Number of updated asset objects reloaded before import = 0
Number of asset objects unloaded after import = 160
========================================================================
Received Import Request.
  Time since last request: 0.186143 seconds.
  path: Assets/Motion/é›™åˆ€/æœ‰å¤§é¢¨è»Š(é›™æ‰‹åŠ)çš„å„ç¨®åŸºæœ¬å‹•ä½œ/Animations/Combat/Buff.fbx
  artifactKey: Guid(3c6a368feec76b74697601dffe3d180c) Importer(815301076,1909f56bfc062723c751e8b465ee728b)
Start importing Assets/Motion/é›™åˆ€/æœ‰å¤§é¢¨è»Š(é›™æ‰‹åŠ)çš„å„ç¨®åŸºæœ¬å‹•ä½œ/Animations/Combat/Buff.fbx using Guid(3c6a368feec76b74697601dffe3d180c) Importer(815301076,1909f56bfc062723c751e8b465ee728b) [PhysX] Initialized MultithreadedTaskDispatcher with 20 workers.
 -> (artifact id: '5578bad811f79d10c862b01c15598549') in 0.005748 seconds
Number of updated asset objects reloaded before import = 0
Number of asset objects unloaded after import = 160
========================================================================
Received Import Request.
  Time since last request: 0.192217 seconds.
  path: Assets/Motion/å¤§åŠ/æœ‰å¤§é¢¨è»Š(é›™æ‰‹åŠ)çš„å„ç¨®åŸºæœ¬å‹•ä½œ/Animations/Combat/CastingLoop.fbx
  artifactKey: Guid(6311ef23e36bd6d4f8bd1602b55d552d) Importer(815301076,1909f56bfc062723c751e8b465ee728b)
Start importing Assets/Motion/å¤§åŠ/æœ‰å¤§é¢¨è»Š(é›™æ‰‹åŠ)çš„å„ç¨®åŸºæœ¬å‹•ä½œ/Animations/Combat/CastingLoop.fbx using Guid(6311ef23e36bd6d4f8bd1602b55d552d) Importer(815301076,1909f56bfc062723c751e8b465ee728b) [PhysX] Initialized MultithreadedTaskDispatcher with 20 workers.
 -> (artifact id: 'c832f94bf314a9c769a6eae4ba26d77e') in 0.005227 seconds
Number of updated asset objects reloaded before import = 0
Number of asset objects unloaded after import = 160
========================================================================
Received Import Request.
  Time since last request: 0.197119 seconds.
  path: Assets/Motion/é›™åˆ€/æœ‰å¤§é¢¨è»Š(é›™æ‰‹åŠ)çš„å„ç¨®åŸºæœ¬å‹•ä½œ/Animations/Movement/FallingLoop.fbx
  artifactKey: Guid(6bca503a45e384e4a8f7e70dff618e21) Importer(815301076,1909f56bfc062723c751e8b465ee728b)
Start importing Assets/Motion/é›™åˆ€/æœ‰å¤§é¢¨è»Š(é›™æ‰‹åŠ)çš„å„ç¨®åŸºæœ¬å‹•ä½œ/Animations/Movement/FallingLoop.fbx using Guid(6bca503a45e384e4a8f7e70dff618e21) Importer(815301076,1909f56bfc062723c751e8b465ee728b) [PhysX] Initialized MultithreadedTaskDispatcher with 20 workers.
 -> (artifact id: '5bad55bc26d006667a86b9c12d643f6c') in 0.004543 seconds
Number of updated asset objects reloaded before import = 0
Number of asset objects unloaded after import = 160
========================================================================
Received Import Request.
  Time since last request: 0.000012 seconds.
  path: Assets/Motion/å¤§åŠ/æœ‰å¤§é¢¨è»Š(é›™æ‰‹åŠ)çš„å„ç¨®åŸºæœ¬å‹•ä½œ/Animations/Combat/GetHit.fbx
  artifactKey: Guid(4d9e25dc4912cc446b8b8454a9f9bfe2) Importer(815301076,1909f56bfc062723c751e8b465ee728b)
Start importing Assets/Motion/å¤§åŠ/æœ‰å¤§é¢¨è»Š(é›™æ‰‹åŠ)çš„å„ç¨®åŸºæœ¬å‹•ä½œ/Animations/Combat/GetHit.fbx using Guid(4d9e25dc4912cc446b8b8454a9f9bfe2) Importer(815301076,1909f56bfc062723c751e8b465ee728b) [PhysX] Initialized MultithreadedTaskDispatcher with 20 workers.
 -> (artifact id: 'eda501574e23c357cd5c33e49349adb0') in 0.005083 seconds
Number of updated asset objects reloaded before import = 0
Number of asset objects unloaded after import = 160
========================================================================
Received Import Request.
  Time since last request: 0.000013 seconds.
  path: Assets/Motion/é›™åˆ€/æœ‰å¤§é¢¨è»Š(é›™æ‰‹åŠ)çš„å„ç¨®åŸºæœ¬å‹•ä½œ/Animations/Movement/Idle.fbx
  artifactKey: Guid(e261724d12965c047a9ad8be0f0aca1e) Importer(815301076,1909f56bfc062723c751e8b465ee728b)
Start importing Assets/Motion/é›™åˆ€/æœ‰å¤§é¢¨è»Š(é›™æ‰‹åŠ)çš„å„ç¨®åŸºæœ¬å‹•ä½œ/Animations/Movement/Idle.fbx using Guid(e261724d12965c047a9ad8be0f0aca1e) Importer(815301076,1909f56bfc062723c751e8b465ee728b) [PhysX] Initialized MultithreadedTaskDispatcher with 20 workers.
 -> (artifact id: '51054a53f762b468d8b823e5aeaabbe3') in 0.005991 seconds
Number of updated asset objects reloaded before import = 0
Number of asset objects unloaded after import = 160
========================================================================
Received Import Request.
  Time since last request: 0.000040 seconds.
  path: Assets/Motion/å¤§åŠ/æœ‰å¤§é¢¨è»Š(é›™æ‰‹åŠ)çš„å„ç¨®åŸºæœ¬å‹•ä½œ/Animations/Combat/IdleCombat.fbx
  artifactKey: Guid(829acf3bdd8b5134c856a438feb8d146) Importer(815301076,1909f56bfc062723c751e8b465ee728b)
Start importing Assets/Motion/å¤§åŠ/æœ‰å¤§é¢¨è»Š(é›™æ‰‹åŠ)çš„å„ç¨®åŸºæœ¬å‹•ä½œ/Animations/Combat/IdleCombat.fbx using Guid(829acf3bdd8b5134c856a438feb8d146) Importer(815301076,1909f56bfc062723c751e8b465ee728b) [PhysX] Initialized MultithreadedTaskDispatcher with 20 workers.
 -> (artifact id: '9b875a7cb96dee0675b36ab03f2fa9bc') in 0.007574 seconds
Number of updated asset objects reloaded before import = 0
Number of asset objects unloaded after import = 160
========================================================================
Received Import Request.
  Time since last request: 0.000014 seconds.
  path: Assets/Motion/é›™åˆ€/æœ‰å¤§é¢¨è»Š(é›™æ‰‹åŠ)çš„å„ç¨®åŸºæœ¬å‹•ä½œ/Animations/Combat/Death.fbx
  artifactKey: Guid(ff23a71a517823249b6e5d46e84b8eea) Importer(815301076,1909f56bfc062723c751e8b465ee728b)
Start importing Assets/Motion/é›™åˆ€/æœ‰å¤§é¢¨è»Š(é›™æ‰‹åŠ)çš„å„ç¨®åŸºæœ¬å‹•ä½œ/Animations/Combat/Death.fbx using Guid(ff23a71a517823249b6e5d46e84b8eea) Importer(815301076,1909f56bfc062723c751e8b465ee728b) [PhysX] Initialized MultithreadedTaskDispatcher with 20 workers.
 -> (artifact id: 'da7a4df365e81c64dd93da6c3e7bdb84') in 0.005502 seconds
Number of updated asset objects reloaded before import = 0
Number of asset objects unloaded after import = 160
========================================================================
Received Import Request.
  Time since last request: 0.000020 seconds.
  path: Assets/Motion/å¤§åŠ/æœ‰å¤§é¢¨è»Š(é›™æ‰‹åŠ)çš„å„ç¨®åŸºæœ¬å‹•ä½œ/Animations/Movement/Idle.fbx
  artifactKey: Guid(f88e04f275bc43341a2248b1eaa437c6) Importer(815301076,1909f56bfc062723c751e8b465ee728b)
Start importing Assets/Motion/å¤§åŠ/æœ‰å¤§é¢¨è»Š(é›™æ‰‹åŠ)çš„å„ç¨®åŸºæœ¬å‹•ä½œ/Animations/Movement/Idle.fbx using Guid(f88e04f275bc43341a2248b1eaa437c6) Importer(815301076,1909f56bfc062723c751e8b465ee728b) [PhysX] Initialized MultithreadedTaskDispatcher with 20 workers.
 -> (artifact id: '0e8c4d9d062d29fada4b8fe22ca700d2') in 0.004557 seconds
Number of updated asset objects reloaded before import = 0
Number of asset objects unloaded after import = 160
========================================================================
Received Import Request.
  Time since last request: 0.000016 seconds.
  path: Assets/Motion/é›™åˆ€/æœ‰å¤§é¢¨è»Š(é›™æ‰‹åŠ)çš„å„ç¨®åŸºæœ¬å‹•ä½œ/Animations/Gathering/Gathering.fbx
  artifactKey: Guid(4590ec120943487408f76291e9dc4773) Importer(815301076,1909f56bfc062723c751e8b465ee728b)
Start importing Assets/Motion/é›™åˆ€/æœ‰å¤§é¢¨è»Š(é›™æ‰‹åŠ)çš„å„ç¨®åŸºæœ¬å‹•ä½œ/Animations/Gathering/Gathering.fbx using Guid(4590ec120943487408f76291e9dc4773) Importer(815301076,1909f56bfc062723c751e8b465ee728b) [PhysX] Initialized MultithreadedTaskDispatcher with 20 workers.
 -> (artifact id: '687d6925b5a2b20a0007b6e1d7015e51') in 0.003322 seconds
Number of updated asset objects reloaded before import = 0
Number of asset objects unloaded after import = 160
========================================================================
Received Import Request.
  Time since last request: 1.194648 seconds.
  path: Assets/Character/Izul/Izul_v2-01_è™›æ“¬å¶åƒ/Model/Izul.fbx
  artifactKey: Guid(556c1d781bb52f141aef79201bcca790) Importer(815301076,1909f56bfc062723c751e8b465ee728b)
Start importing Assets/Character/Izul/Izul_v2-01_è™›æ“¬å¶åƒ/Model/Izul.fbx using Guid(556c1d781bb52f141aef79201bcca790) Importer(815301076,1909f56bfc062723c751e8b465ee728b) [PhysX] Initialized MultithreadedTaskDispatcher with 20 workers.
[PhysX] Initialized MultithreadedTaskDispatcher with 20 workers.
[PhysX] Initialized MultithreadedTaskDispatcher with 20 workers.
[PhysX] Initialized MultithreadedTaskDispatcher with 20 workers.
[PhysX] Initialized MultithreadedTaskDispatcher with 20 workers.
[PhysX] Initialized MultithreadedTaskDispatcher with 20 workers.
[PhysX] Initialized MultithreadedTaskDispatcher with 20 workers.
[PhysX] Initialized MultithreadedTaskDispatcher with 20 workers.
[PhysX] Initialized MultithreadedTaskDispatcher with 20 workers.
[PhysX] Initialized MultithreadedTaskDispatcher with 20 workers.
[PhysX] Initialized MultithreadedTaskDispatcher with 20 workers.
[PhysX] Initialized MultithreadedTaskDispatcher with 20 workers.
[PhysX] Initialized MultithreadedTaskDispatcher with 20 workers.
[PhysX] Initialized MultithreadedTaskDispatcher with 20 workers.
[PhysX] Initialized MultithreadedTaskDispatcher with 20 workers.
[PhysX] Initialized MultithreadedTaskDispatcher with 20 workers.
[PhysX] Initialized MultithreadedTaskDispatcher with 20 workers.
[PhysX] Initialized MultithreadedTaskDispatcher with 20 workers.
[PhysX] Initialized MultithreadedTaskDispatcher with 20 workers.
[PhysX] Initialized MultithreadedTaskDispatcher with 20 workers.
[PhysX] Initialized MultithreadedTaskDispatcher with 20 workers.
[PhysX] Initialized MultithreadedTaskDispatcher with 20 workers.
[PhysX] Initialized MultithreadedTaskDispatcher with 20 workers.
[PhysX] Initialized MultithreadedTaskDispatcher with 20 workers.
[PhysX] Initialized MultithreadedTaskDispatcher with 20 workers.
[PhysX] Initialized MultithreadedTaskDispatcher with 20 workers.
[PhysX] Initialized MultithreadedTaskDispatcher with 20 workers.
[PhysX] Initialized MultithreadedTaskDispatcher with 20 workers.
[PhysX] Initialized MultithreadedTaskDispatcher with 20 workers.
[PhysX] Initialized MultithreadedTaskDispatcher with 20 workers.
[PhysX] Initialized MultithreadedTaskDispatcher with 20 workers.
[PhysX] Initialized MultithreadedTaskDispatcher with 20 workers.
 -> (artifact id: '246f6247e1d1555abe959ed35a0bcf0d') in 0.252279 seconds
Number of updated asset objects reloaded before import = 0
Number of asset objects unloaded after import = 338
========================================================================
Received Import Request.
  Time since last request: 0.026888 seconds.
  path: Assets/Motion/é›™åˆ€/æœ‰å¤§é¢¨è»Š(é›™æ‰‹åŠ)çš„å„ç¨®åŸºæœ¬å‹•ä½œ/Animations/Combat/MeeleeAttack_OneHanded.fbx
  artifactKey: Guid(6752a22844ce4f44fb87c9c090042487) Importer(815301076,1909f56bfc062723c751e8b465ee728b)
Start importing Assets/Motion/é›™åˆ€/æœ‰å¤§é¢¨è»Š(é›™æ‰‹åŠ)çš„å„ç¨®åŸºæœ¬å‹•ä½œ/Animations/Combat/MeeleeAttack_OneHanded.fbx using Guid(6752a22844ce4f44fb87c9c090042487) Importer(815301076,1909f56bfc062723c751e8b465ee728b) [PhysX] Initialized MultithreadedTaskDispatcher with 20 workers.
 -> (artifact id: 'd539492f034d5cf19dbec387bf838405') in 0.007443 seconds
Number of updated asset objects reloaded before import = 0
Number of asset objects unloaded after import = 160
========================================================================
Received Import Request.
  Time since last request: 0.000014 seconds.
  path: Assets/Motion/å¤§åŠ/æœ‰å¤§é¢¨è»Š(é›™æ‰‹åŠ)çš„å„ç¨®åŸºæœ¬å‹•ä½œ/Animations/Gathering/MiningLoop.fbx
  artifactKey: Guid(3a06c554828fd0946b8e0783a699b392) Importer(815301076,1909f56bfc062723c751e8b465ee728b)
Start importing Assets/Motion/å¤§åŠ/æœ‰å¤§é¢¨è»Š(é›™æ‰‹åŠ)çš„å„ç¨®åŸºæœ¬å‹•ä½œ/Animations/Gathering/MiningLoop.fbx using Guid(3a06c554828fd0946b8e0783a699b392) Importer(815301076,1909f56bfc062723c751e8b465ee728b) [PhysX] Initialized MultithreadedTaskDispatcher with 20 workers.
 -> (artifact id: '1b312a7c2ecd9dd29e01671dc67b9a87') in 0.005715 seconds
Number of updated asset objects reloaded before import = 0
Number of asset objects unloaded after import = 160
========================================================================
Received Import Request.
  Time since last request: 0.000044 seconds.
  path: Assets/Motion/å¤§åŠ/æœ‰å¤§é¢¨è»Š(é›™æ‰‹åŠ)çš„å„ç¨®åŸºæœ¬å‹•ä½œ/Animations/Combat/PunchRight.fbx
  artifactKey: Guid(ccc1dd471ab74524daf133f2cafbc593) Importer(815301076,1909f56bfc062723c751e8b465ee728b)
Start importing Assets/Motion/å¤§åŠ/æœ‰å¤§é¢¨è»Š(é›™æ‰‹åŠ)çš„å„ç¨®åŸºæœ¬å‹•ä½œ/Animations/Combat/PunchRight.fbx using Guid(ccc1dd471ab74524daf133f2cafbc593) Importer(815301076,1909f56bfc062723c751e8b465ee728b) [PhysX] Initialized MultithreadedTaskDispatcher with 20 workers.
 -> (artifact id: '8072cffccd07b17c73c7902615b51a09') in 0.005563 seconds
Number of updated asset objects reloaded before import = 0
Number of asset objects unloaded after import = 160
========================================================================
Received Import Request.
  Time since last request: 0.000018 seconds.
  path: Assets/Motion/é›™åˆ€/æœ‰å¤§é¢¨è»Š(é›™æ‰‹åŠ)çš„å„ç¨®åŸºæœ¬å‹•ä½œ/Animations/Combat/PunchLeft.fbx
  artifactKey: Guid(f4f4960089f419b4491129feab86c981) Importer(815301076,1909f56bfc062723c751e8b465ee728b)
Start importing Assets/Motion/é›™åˆ€/æœ‰å¤§é¢¨è»Š(é›™æ‰‹åŠ)çš„å„ç¨®åŸºæœ¬å‹•ä½œ/Animations/Combat/PunchLeft.fbx using Guid(f4f4960089f419b4491129feab86c981) Importer(815301076,1909f56bfc062723c751e8b465ee728b) [PhysX] Initialized MultithreadedTaskDispatcher with 20 workers.
 -> (artifact id: 'a8ff2ee5ed55a5fa7a6fc29de067b881') in 0.004596 seconds
Number of updated asset objects reloaded before import = 0
Number of asset objects unloaded after import = 160
========================================================================
Received Import Request.
  Time since last request: 0.000011 seconds.
  path: Assets/Motion/é›™åˆ€/æœ‰å¤§é¢¨è»Š(é›™æ‰‹åŠ)çš„å„ç¨®åŸºæœ¬å‹•ä½œ/Animations/Combat/PunchRight.fbx
  artifactKey: Guid(e89e799724d940149a6ba91008c9ebed) Importer(815301076,1909f56bfc062723c751e8b465ee728b)
Start importing Assets/Motion/é›™åˆ€/æœ‰å¤§é¢¨è»Š(é›™æ‰‹åŠ)çš„å„ç¨®åŸºæœ¬å‹•ä½œ/Animations/Combat/PunchRight.fbx using Guid(e89e799724d940149a6ba91008c9ebed) Importer(815301076,1909f56bfc062723c751e8b465ee728b) [PhysX] Initialized MultithreadedTaskDispatcher with 20 workers.
 -> (artifact id: '5e7cc60974a3050a3e376c1b62ab287e') in 0.004561 seconds
Number of updated asset objects reloaded before import = 0
Number of asset objects unloaded after import = 160
========================================================================
Received Import Request.
  Time since last request: 0.037320 seconds.
  path: Assets/Motion/é›™åˆ€/æœ‰å¤§é¢¨è»Š(é›™æ‰‹åŠ)çš„å„ç¨®åŸºæœ¬å‹•ä½œ/Animations/Movement/RollBackward.fbx
  artifactKey: Guid(acf87b1699f3da94fb6bef19112bd7c4) Importer(815301076,1909f56bfc062723c751e8b465ee728b)
Start importing Assets/Motion/é›™åˆ€/æœ‰å¤§é¢¨è»Š(é›™æ‰‹åŠ)çš„å„ç¨®åŸºæœ¬å‹•ä½œ/Animations/Movement/RollBackward.fbx using Guid(acf87b1699f3da94fb6bef19112bd7c4) Importer(815301076,1909f56bfc062723c751e8b465ee728b) [PhysX] Initialized MultithreadedTaskDispatcher with 20 workers.
 -> (artifact id: '513b384356c5b4ee36b2f99b8abf9c36') in 0.005679 seconds
Number of updated asset objects reloaded before import = 0
Number of asset objects unloaded after import = 160
========================================================================
Received Import Request.
  Time since last request: 0.000024 seconds.
  path: Assets/Motion/å¤§åŠ/æœ‰å¤§é¢¨è»Š(é›™æ‰‹åŠ)çš„å„ç¨®åŸºæœ¬å‹•ä½œ/Animations/Movement/RollForward.fbx
  artifactKey: Guid(088b0c8902ffb484a8abcc52cb5578ac) Importer(815301076,1909f56bfc062723c751e8b465ee728b)
Start importing Assets/Motion/å¤§åŠ/æœ‰å¤§é¢¨è»Š(é›™æ‰‹åŠ)çš„å„ç¨®åŸºæœ¬å‹•ä½œ/Animations/Movement/RollForward.fbx using Guid(088b0c8902ffb484a8abcc52cb5578ac) Importer(815301076,1909f56bfc062723c751e8b465ee728b) [PhysX] Initialized MultithreadedTaskDispatcher with 20 workers.
 -> (artifact id: '08bad8c29f621f0dc3db3cb95841dd66') in 0.005370 seconds
Number of updated asset objects reloaded before import = 0
Number of asset objects unloaded after import = 160
========================================================================
Received Import Request.
  Time since last request: 0.000014 seconds.
  path: Assets/Motion/é›™åˆ€/æœ‰å¤§é¢¨è»Š(é›™æ‰‹åŠ)çš„å„ç¨®åŸºæœ¬å‹•ä½œ/Animations/Movement/RollLeft.fbx
  artifactKey: Guid(0fbc7cc708e82784db3f186c5c316370) Importer(815301076,1909f56bfc062723c751e8b465ee728b)
Start importing Assets/Motion/é›™åˆ€/æœ‰å¤§é¢¨è»Š(é›™æ‰‹åŠ)çš„å„ç¨®åŸºæœ¬å‹•ä½œ/Animations/Movement/RollLeft.fbx using Guid(0fbc7cc708e82784db3f186c5c316370) Importer(815301076,1909f56bfc062723c751e8b465ee728b) [PhysX] Initialized MultithreadedTaskDispatcher with 20 workers.
 -> (artifact id: 'ad56b19540f5e3a9bc56c0e90596a200') in 0.005114 seconds
Number of updated asset objects reloaded before import = 0
Number of asset objects unloaded after import = 160
========================================================================
Received Import Request.
  Time since last request: 0.171266 seconds.
  path: Assets/Motion/å¤§åŠ/æœ‰å¤§é¢¨è»Š(é›™æ‰‹åŠ)çš„å„ç¨®åŸºæœ¬å‹•ä½œ/Animations/Movement/RollLeft.fbx
  artifactKey: Guid(3d3c971d2381c0d48b174c6a5ec68812) Importer(815301076,1909f56bfc062723c751e8b465ee728b)
Start importing Assets/Motion/å¤§åŠ/æœ‰å¤§é¢¨è»Š(é›™æ‰‹åŠ)çš„å„ç¨®åŸºæœ¬å‹•ä½œ/Animations/Movement/RollLeft.fbx using Guid(3d3c971d2381c0d48b174c6a5ec68812) Importer(815301076,1909f56bfc062723c751e8b465ee728b) [PhysX] Initialized MultithreadedTaskDispatcher with 20 workers.
 -> (artifact id: 'adc36132e7e1c9a70666b9abcec35109') in 0.004923 seconds
Number of updated asset objects reloaded before import = 0
Number of asset objects unloaded after import = 160
========================================================================
Received Import Request.
  Time since last request: 0.000015 seconds.
  path: Assets/Motion/é›™åˆ€/æœ‰å¤§é¢¨è»Š(é›™æ‰‹åŠ)çš„å„ç¨®åŸºæœ¬å‹•ä½œ/Animations/Movement/RunBackward.fbx
  artifactKey: Guid(80a965ca1b75e4843aea0231b6ad964d) Importer(815301076,1909f56bfc062723c751e8b465ee728b)
Start importing Assets/Motion/é›™åˆ€/æœ‰å¤§é¢¨è»Š(é›™æ‰‹åŠ)çš„å„ç¨®åŸºæœ¬å‹•ä½œ/Animations/Movement/RunBackward.fbx using Guid(80a965ca1b75e4843aea0231b6ad964d) Importer(815301076,1909f56bfc062723c751e8b465ee728b) [PhysX] Initialized MultithreadedTaskDispatcher with 20 workers.
 -> (artifact id: '29fcff3f6683529d36fac7a347c68910') in 0.006315 seconds
Number of updated asset objects reloaded before import = 0
Number of asset objects unloaded after import = 160
========================================================================
Received Import Request.
  Time since last request: 0.000021 seconds.
  path: Assets/Motion/å¤§åŠ/æœ‰å¤§é¢¨è»Š(é›™æ‰‹åŠ)çš„å„ç¨®åŸºæœ¬å‹•ä½œ/Animations/Movement/RunBackward.fbx
  artifactKey: Guid(e2359df2877e9194a947b836a52d974c) Importer(815301076,1909f56bfc062723c751e8b465ee728b)
Start importing Assets/Motion/å¤§åŠ/æœ‰å¤§é¢¨è»Š(é›™æ‰‹åŠ)çš„å„ç¨®åŸºæœ¬å‹•ä½œ/Animations/Movement/RunBackward.fbx using Guid(e2359df2877e9194a947b836a52d974c) Importer(815301076,1909f56bfc062723c751e8b465ee728b) [PhysX] Initialized MultithreadedTaskDispatcher with 20 workers.
 -> (artifact id: '8a5fbafbe1c28b1460ee742f6626ca50') in 0.005865 seconds
Number of updated asset objects reloaded before import = 0
Number of asset objects unloaded after import = 160
========================================================================
Received Import Request.
  Time since last request: 0.046460 seconds.
  path: Assets/Motion/é›™åˆ€/æœ‰å¤§é¢¨è»Š(é›™æ‰‹åŠ)çš„å„ç¨®åŸºæœ¬å‹•ä½œ/Animations/Movement/RunBackwardLeft.fbx
  artifactKey: Guid(823039aa79990744aa43f17c671a4072) Importer(815301076,1909f56bfc062723c751e8b465ee728b)
Start importing Assets/Motion/é›™åˆ€/æœ‰å¤§é¢¨è»Š(é›™æ‰‹åŠ)çš„å„ç¨®åŸºæœ¬å‹•ä½œ/Animations/Movement/RunBackwardLeft.fbx using Guid(823039aa79990744aa43f17c671a4072) Importer(815301076,1909f56bfc062723c751e8b465ee728b) [PhysX] Initialized MultithreadedTaskDispatcher with 20 workers.
 -> (artifact id: '126cdb9615d9815c37e9f86c2c97c252') in 0.005679 seconds
Number of updated asset objects reloaded before import = 0
Number of asset objects unloaded after import = 160
========================================================================
Received Import Request.
  Time since last request: 0.000017 seconds.
  path: Assets/Motion/å¤§åŠ/æœ‰å¤§é¢¨è»Š(é›™æ‰‹åŠ)çš„å„ç¨®åŸºæœ¬å‹•ä½œ/Animations/Movement/RunForward.fbx
  artifactKey: Guid(f506b54f2ab98c14faed724534e5fdda) Importer(815301076,1909f56bfc062723c751e8b465ee728b)
Start importing Assets/Motion/å¤§åŠ/æœ‰å¤§é¢¨è»Š(é›™æ‰‹åŠ)çš„å„ç¨®åŸºæœ¬å‹•ä½œ/Animations/Movement/RunForward.fbx using Guid(f506b54f2ab98c14faed724534e5fdda) Importer(815301076,1909f56bfc062723c751e8b465ee728b) [PhysX] Initialized MultithreadedTaskDispatcher with 20 workers.
 -> (artifact id: 'b0de08b045214c9379eb82f271b598e4') in 0.006341 seconds
Number of updated asset objects reloaded before import = 0
Number of asset objects unloaded after import = 160
========================================================================
Received Import Request.
  Time since last request: 2.177862 seconds.
  path: Assets/Motion/å¤§åŠ/æœ‰å¤§é¢¨è»Š(é›™æ‰‹åŠ)çš„å„ç¨®åŸºæœ¬å‹•ä½œ/Animations/Movement/RunLeft.fbx
  artifactKey: Guid(14d63223fc8bda3469626629569375b1) Importer(815301076,1909f56bfc062723c751e8b465ee728b)
Start importing Assets/Motion/å¤§åŠ/æœ‰å¤§é¢¨è»Š(é›™æ‰‹åŠ)çš„å„ç¨®åŸºæœ¬å‹•ä½œ/Animations/Movement/RunLeft.fbx using Guid(14d63223fc8bda3469626629569375b1) Importer(815301076,1909f56bfc062723c751e8b465ee728b) [PhysX] Initialized MultithreadedTaskDispatcher with 20 workers.
 -> (artifact id: '9ccff4f2f719e1fe6c36e5e5cc2e9fe5') in 0.008067 seconds
Number of updated asset objects reloaded before import = 0
Number of asset objects unloaded after import = 160
========================================================================
Received Import Request.
  Time since last request: 0.216488 seconds.
  path: Assets/Motion/é›™åˆ€/æœ‰å¤§é¢¨è»Š(é›™æ‰‹åŠ)çš„å„ç¨®åŸºæœ¬å‹•ä½œ/Animations/Combat/SpinAttack_TwoHanded.fbx
  artifactKey: Guid(b7ca531b8805e254486e9d3d0105c658) Importer(815301076,1909f56bfc062723c751e8b465ee728b)
Start importing Assets/Motion/é›™åˆ€/æœ‰å¤§é¢¨è»Š(é›™æ‰‹åŠ)çš„å„ç¨®åŸºæœ¬å‹•ä½œ/Animations/Combat/SpinAttack_TwoHanded.fbx using Guid(b7ca531b8805e254486e9d3d0105c658) Importer(815301076,1909f56bfc062723c751e8b465ee728b) [PhysX] Initialized MultithreadedTaskDispatcher with 20 workers.
 -> (artifact id: 'a13000a9c913b72d23d86a641d604632') in 0.006985 seconds
Number of updated asset objects reloaded before import = 0
Number of asset objects unloaded after import = 160
========================================================================
Received Import Request.
  Time since last request: 0.080594 seconds.
  path: Assets/Motion/é›™åˆ€/æœ‰å¤§é¢¨è»Š(é›™æ‰‹åŠ)çš„å„ç¨®åŸºæœ¬å‹•ä½œ/Animations/Combat/SpinLoop_TwoHanded.fbx
  artifactKey: Guid(d29f6221974f3394f9d12cf2aabecd86) Importer(815301076,1909f56bfc062723c751e8b465ee728b)
Start importing Assets/Motion/é›™åˆ€/æœ‰å¤§é¢¨è»Š(é›™æ‰‹åŠ)çš„å„ç¨®åŸºæœ¬å‹•ä½œ/Animations/Combat/SpinLoop_TwoHanded.fbx using Guid(d29f6221974f3394f9d12cf2aabecd86) Importer(815301076,1909f56bfc062723c751e8b465ee728b) [PhysX] Initialized MultithreadedTaskDispatcher with 20 workers.
 -> (artifact id: 'a22490ecdeff48a5f2df702ae5635202') in 0.003828 seconds
Number of updated asset objects reloaded before import = 0
Number of asset objects unloaded after import = 160
========================================================================
Received Import Request.
  Time since last request: 0.000019 seconds.
  path: Assets/Motion/å¤§åŠ/æœ‰å¤§é¢¨è»Š(é›™æ‰‹åŠ)çš„å„ç¨®åŸºæœ¬å‹•ä½œ/Animations/Combat/SpinToWin_TwoHanded.fbx
  artifactKey: Guid(fe82b9f967906a24bb418045fcfeec70) Importer(815301076,1909f56bfc062723c751e8b465ee728b)
Start importing Assets/Motion/å¤§åŠ/æœ‰å¤§é¢¨è»Š(é›™æ‰‹åŠ)çš„å„ç¨®åŸºæœ¬å‹•ä½œ/Animations/Combat/SpinToWin_TwoHanded.fbx using Guid(fe82b9f967906a24bb418045fcfeec70) Importer(815301076,1909f56bfc062723c751e8b465ee728b) [PhysX] Initialized MultithreadedTaskDispatcher with 20 workers.
 -> (artifact id: '6e50a67458ba0d30fd5a40cebe7c8592') in 0.004458 seconds
Number of updated asset objects reloaded before import = 0
Number of asset objects unloaded after import = 160
========================================================================
Received Import Request.
  Time since last request: 0.180283 seconds.
  path: Assets/Motion/å¤§åŠ/æœ‰å¤§é¢¨è»Š(é›™æ‰‹åŠ)çš„å„ç¨®åŸºæœ¬å‹•ä½œ/Animations/Movement/StrafeRight.fbx
  artifactKey: Guid(369daf8dfff800d4893516dedb801d44) Importer(815301076,1909f56bfc062723c751e8b465ee728b)
Start importing Assets/Motion/å¤§åŠ/æœ‰å¤§é¢¨è»Š(é›™æ‰‹åŠ)çš„å„ç¨®åŸºæœ¬å‹•ä½œ/Animations/Movement/StrafeRight.fbx using Guid(369daf8dfff800d4893516dedb801d44) Importer(815301076,1909f56bfc062723c751e8b465ee728b) [PhysX] Initialized MultithreadedTaskDispatcher with 20 workers.
 -> (artifact id: 'd038c4e3bf4836d56dde578a1e91c350') in 0.004803 seconds
Number of updated asset objects reloaded before import = 0
Number of asset objects unloaded after import = 160
========================================================================
Received Import Request.
  Time since last request: 0.085340 seconds.
  path: Assets/Motion/é›™åˆ€/æœ‰å¤§é¢¨è»Š(é›™æ‰‹åŠ)çš„å„ç¨®åŸºæœ¬å‹•ä½œ/Animations/Movement/WalkBackwardLeft.fbx
  artifactKey: Guid(0d3600a0a6281634cb9b3c04788ca9c2) Importer(815301076,1909f56bfc062723c751e8b465ee728b)
Start importing Assets/Motion/é›™åˆ€/æœ‰å¤§é¢¨è»Š(é›™æ‰‹åŠ)çš„å„ç¨®åŸºæœ¬å‹•ä½œ/Animations/Movement/WalkBackwardLeft.fbx using Guid(0d3600a0a6281634cb9b3c04788ca9c2) Importer(815301076,1909f56bfc062723c751e8b465ee728b) [PhysX] Initialized MultithreadedTaskDispatcher with 20 workers.
 -> (artifact id: 'c057e6f1a27ce5176022f7d960561b2d') in 0.005552 seconds
Number of updated asset objects reloaded before import = 0
Number of asset objects unloaded after import = 160
Editor requested this worker to shutdown with reason: Scaling down because of idle timeout
TcpMessagingSession - receive error: operation aborted. errorcode: 995, details: ¦]¬°°õ¦æºüµ²§ô©ÎÀ³¥Îµ{¦¡­n¨D¡A©Ò¥H¤w¤¤¤î I/O ¾Þ§@¡C
AssetImportWorker is now disconnected from the server
Process exiting
Exiting without the bug reporter. Application will terminate with return code 0