Using pre-set license
Built from '2022.3/staging' branch; Version is '2022.3.52f1 (1120fcb54228) revision 1122556'; Using compiler version '192829333'; Build Type 'Release'
OS: 'Windows 11  (10.0.22631) 64bit Professional' Language: 'zh' Physical Memory: 32471 MB
BatchMode: 1, IsHumanControllingUs: 0, StartBugReporterOnCrash: 0, Is64bit: 1, IsPro: 1

COMMAND LINE ARGUMENTS:
C:\Program Files\Unity\Hub\Editor\2022.3.52f1\Editor\Unity.exe
-adb2
-batchMode
-noUpm
-name
AssetImportWorker1
-projectPath
C:/Users/justx/UnityProject/UnityProject
-logFile
Logs/AssetImportWorker1.log
-srvPort
50944
Successfully changed project path to: C:/Users/justx/UnityProject/UnityProject
C:/Users/justx/UnityProject/UnityProject
[UnityMemory] Configuration Parameters - Can be set up in boot.config
    "memorysetup-bucket-allocator-granularity=16"
    "memorysetup-bucket-allocator-bucket-count=8"
    "memorysetup-bucket-allocator-block-size=33554432"
    "memorysetup-bucket-allocator-block-count=8"
    "memorysetup-main-allocator-block-size=16777216"
    "memorysetup-thread-allocator-block-size=16777216"
    "memorysetup-gfx-main-allocator-block-size=16777216"
    "memorysetup-gfx-thread-allocator-block-size=16777216"
    "memorysetup-cache-allocator-block-size=4194304"
    "memorysetup-typetree-allocator-block-size=2097152"
    "memorysetup-profiler-bucket-allocator-granularity=16"
    "memorysetup-profiler-bucket-allocator-bucket-count=8"
    "memorysetup-profiler-bucket-allocator-block-size=33554432"
    "memorysetup-profiler-bucket-allocator-block-count=8"
    "memorysetup-profiler-allocator-block-size=16777216"
    "memorysetup-profiler-editor-allocator-block-size=1048576"
    "memorysetup-temp-allocator-size-main=16777216"
    "memorysetup-job-temp-allocator-block-size=2097152"
    "memorysetup-job-temp-allocator-block-size-background=1048576"
    "memorysetup-job-temp-allocator-reduction-small-platforms=262144"
    "memorysetup-allocator-temp-initial-block-size-main=262144"
    "memorysetup-allocator-temp-initial-block-size-worker=262144"
    "memorysetup-temp-allocator-size-background-worker=32768"
    "memorysetup-temp-allocator-size-job-worker=262144"
    "memorysetup-temp-allocator-size-preload-manager=33554432"
    "memorysetup-temp-allocator-size-nav-mesh-worker=65536"
    "memorysetup-temp-allocator-size-audio-worker=65536"
    "memorysetup-temp-allocator-size-cloud-worker=32768"
    "memorysetup-temp-allocator-size-gi-baking-worker=262144"
    "memorysetup-temp-allocator-size-gfx=262144"
Player connection [4908]  Target information:

Player connection [4908]  * "[IP] 192.168.0.114 [Port] 0 [Flags] 2 [Guid] 1815320400 [EditorId] 1815320400 [Version] 1048832 [Id] WindowsEditor(7,¦öªºµ§¹q) [Debug] 1 [PackageName] WindowsEditor [ProjectName] Editor" 

Player connection [4908] Host joined multi-casting on [225.0.0.222:54997]...
Player connection [4908] Host joined alternative multi-casting on [225.0.0.222:34997]...
[PhysX] Initialized MultithreadedTaskDispatcher with 20 workers.
Refreshing native plugins compatible for Editor in 5.46 ms, found 3 plugins.
Preloading 0 native plugins for Editor in 0.00 ms.
Initialize engine version: 2022.3.52f1 (1120fcb54228)
[Subsystems] Discovering subsystems at path C:/Program Files/Unity/Hub/Editor/2022.3.52f1/Editor/Data/Resources/UnitySubsystems
[Subsystems] Discovering subsystems at path C:/Users/justx/UnityProject/UnityProject/Assets
GfxDevice: creating device client; threaded=0; jobified=0
Direct3D:
    Version:  Direct3D 11.0 [level 11.1]
    Renderer: NVIDIA GeForce RTX 4060 Laptop GPU (ID=0x28a0)
    Vendor:   NVIDIA
    VRAM:     7971 MB
    Driver:   31.0.15.3753
Initialize mono
Mono path[0] = 'C:/Program Files/Unity/Hub/Editor/2022.3.52f1/Editor/Data/Managed'
Mono path[1] = 'C:/Program Files/Unity/Hub/Editor/2022.3.52f1/Editor/Data/MonoBleedingEdge/lib/mono/unityjit-win32'
Mono config path = 'C:/Program Files/Unity/Hub/Editor/2022.3.52f1/Editor/Data/MonoBleedingEdge/etc'
Using monoOptions --debugger-agent=transport=dt_socket,embedding=1,server=y,suspend=n,address=127.0.0.1:56904
Begin MonoManager ReloadAssembly
Registering precompiled unity dll's ...
Register platform support module: C:/Program Files/Unity/Hub/Editor/2022.3.52f1/Editor/Data/PlaybackEngines/AndroidPlayer/UnityEditor.Android.Extensions.dll
Register platform support module: C:/Program Files/Unity/Hub/Editor/2022.3.52f1/Editor/Data/PlaybackEngines/iOSSupport/UnityEditor.iOS.Extensions.dll
Register platform support module: C:/Program Files/Unity/Hub/Editor/2022.3.52f1/Editor/Data/PlaybackEngines/WindowsStandaloneSupport/UnityEditor.WindowsStandalone.Extensions.dll
Register platform support module: C:/Program Files/Unity/Hub/Editor/2022.3.52f1/Editor/Data/PlaybackEngines/MetroSupport/UnityEditor.UWP.Extensions.dll
Registered in 0.006198 seconds.
- Loaded All Assemblies, in  0.250 seconds
Native extension for UWP target not found
Native extension for WindowsStandalone target not found
[usbmuxd] Start listen thread
[usbmuxd] Listen thread started
Native extension for iOS target not found
Native extension for Android target not found
Android Extension - Scanning For ADB Devices 251 ms
Mono: successfully reloaded assembly
- Finished resetting the current domain, in  0.470 seconds
Domain Reload Profiling: 720ms
	BeginReloadAssembly (74ms)
		ExecutionOrderSort (0ms)
		DisableScriptedObjects (0ms)
		BackupInstance (0ms)
		ReleaseScriptingObjects (0ms)
		CreateAndSetChildDomain (1ms)
	RebuildCommonClasses (23ms)
	RebuildNativeTypeToScriptingClass (7ms)
	initialDomainReloadingComplete (42ms)
	LoadAllAssembliesAndSetupDomain (102ms)
		LoadAssemblies (74ms)
		RebuildTransferFunctionScriptingTraits (0ms)
		AnalyzeDomain (100ms)
			TypeCache.Refresh (99ms)
				TypeCache.ScanAssembly (90ms)
			ScanForSourceGeneratedMonoScriptInfo (0ms)
			ResolveRequiredComponents (0ms)
	FinalizeReload (471ms)
		ReleaseScriptCaches (0ms)
		RebuildScriptCaches (0ms)
		SetupLoadedEditorAssemblies (439ms)
			LogAssemblyErrors (0ms)
			InitializePlatformSupportModulesInManaged (314ms)
			SetLoadedEditorAssemblies (3ms)
			RefreshPlugins (0ms)
			BeforeProcessingInitializeOnLoad (2ms)
			ProcessInitializeOnLoadAttributes (89ms)
			ProcessInitializeOnLoadMethodAttributes (32ms)
			AfterProcessingInitializeOnLoad (0ms)
			EditorAssembliesLoaded (0ms)
		ExecutionOrderSort2 (0ms)
		AwakeInstancesAfterBackupRestoration (0ms)
========================================================================
Worker process is ready to serve import requests
Caller must complete domain reload
Begin MonoManager ReloadAssembly
- Loaded All Assemblies, in  0.437 seconds
Native extension for UWP target not found
Native extension for WindowsStandalone target not found
Native extension for iOS target not found
Native extension for Android target not found
Mono: successfully reloaded assembly
- Finished resetting the current domain, in  0.455 seconds
Domain Reload Profiling: 892ms
	BeginReloadAssembly (107ms)
		ExecutionOrderSort (0ms)
		DisableScriptedObjects (4ms)
		BackupInstance (0ms)
		ReleaseScriptingObjects (0ms)
		CreateAndSetChildDomain (17ms)
	RebuildCommonClasses (23ms)
	RebuildNativeTypeToScriptingClass (7ms)
	initialDomainReloadingComplete (28ms)
	LoadAllAssembliesAndSetupDomain (272ms)
		LoadAssemblies (208ms)
		RebuildTransferFunctionScriptingTraits (0ms)
		AnalyzeDomain (124ms)
			TypeCache.Refresh (110ms)
				TypeCache.ScanAssembly (98ms)
			ScanForSourceGeneratedMonoScriptInfo (10ms)
			ResolveRequiredComponents (3ms)
	FinalizeReload (456ms)
		ReleaseScriptCaches (0ms)
		RebuildScriptCaches (0ms)
		SetupLoadedEditorAssemblies (354ms)
			LogAssemblyErrors (0ms)
			InitializePlatformSupportModulesInManaged (21ms)
			SetLoadedEditorAssemblies (3ms)
			RefreshPlugins (0ms)
			BeforeProcessingInitializeOnLoad (42ms)
			ProcessInitializeOnLoadAttributes (266ms)
			ProcessInitializeOnLoadMethodAttributes (17ms)
			AfterProcessingInitializeOnLoad (5ms)
			EditorAssembliesLoaded (0ms)
		ExecutionOrderSort2 (0ms)
		AwakeInstancesAfterBackupRestoration (6ms)
Launched and connected shader compiler UnityShaderCompiler.exe after 0.03 seconds
Refreshing native plugins compatible for Editor in 1.61 ms, found 3 plugins.
Preloading 0 native plugins for Editor in 0.00 ms.
Unloading 3118 Unused Serialized files (Serialized files now loaded: 0)
Unloading 21 unused Assets / (486.8 KB). Loaded Objects now: 3603.
Memory consumption went from 248.5 MB to 248.0 MB.
Total: 2.505800 ms (FindLiveObjects: 0.209700 ms CreateObjectMapping: 0.056200 ms MarkObjects: 2.049200 ms  DeleteObjects: 0.189400 ms)

AssetImportParameters requested are different than current active one (requested -> active):
  custom:container-demuxer-ogg: 62fdf1f143b41e24485cea50d1cbac27 -> 
  custom:video-codec-MediaFoundation-h265: 746d11721c4dcdbdad8f713fa42b33f4 -> 
  custom:video-decoder-ogg-theora: a1e56fd34408186e4bbccfd4996cb3dc -> 
  custom:framework-win-MediaFoundation: 216162199b28c13a410421893ffa2e32 -> 
  custom:CustomObjectIndexerAttribute: 9a22284fe3817be447336de3de66b15e -> 
  custom:container-demuxer-webm: 4f35f7cbe854078d1ac9338744f61a02 -> 
  custom:container-muxer-webm: aa71ff27fc2769a1b78a27578f13a17b -> 
  custom:video-decoder-webm-vp8: 9c59270c3fd7afecdb556c50c9e8de78 -> 
  custom:SearchIndexIgnoredProperties: e643bd26f0fe6173181afceb89e7c659 -> 
  custom:AudioImporter_EditorPlatform: d09bf68614088b80899f8185d706f6e7 -> 
  custom:video-encoder-webm-vp8: eb34c28f22e8b96e1ab97ce403110664 -> 
  custom:audio-decoder-ogg-vorbis: bf7c407c2cedff20999df2af8eb42d56 -> 
  custom:audio-encoder-webm-vorbis: bf7c407c2cedff20999df2af8eb42d56 -> 
========================================================================
Received Import Request.
  Time since last request: 249.824322 seconds.
  path: Assets/Motion/å¤§åŠ/æœ‰å¤§é¢¨è»Š(é›™æ‰‹åŠ)çš„å„ç¨®åŸºæœ¬å‹•ä½œ/Animations/Combat/BlockingLoop.fbx
  artifactKey: Guid(6aeac7cc9b2082d4a8db232273cffce1) Importer(815301076,1909f56bfc062723c751e8b465ee728b)
Start importing Assets/Motion/å¤§åŠ/æœ‰å¤§é¢¨è»Š(é›™æ‰‹åŠ)çš„å„ç¨®åŸºæœ¬å‹•ä½œ/Animations/Combat/BlockingLoop.fbx using Guid(6aeac7cc9b2082d4a8db232273cffce1) Importer(815301076,1909f56bfc062723c751e8b465ee728b) [PhysX] Initialized MultithreadedTaskDispatcher with 20 workers.
 -> (artifact id: '79a9f8c1eab7072e7a17ef1f6776f006') in 0.024725 seconds
Number of updated asset objects reloaded before import = 0
Number of asset objects unloaded after import = 160
========================================================================
Received Import Request.
  Time since last request: 0.176723 seconds.
  path: Assets/Motion/é›™åˆ€/æœ‰å¤§é¢¨è»Š(é›™æ‰‹åŠ)çš„å„ç¨®åŸºæœ¬å‹•ä½œ/Animations/Combat/BowShot.fbx
  artifactKey: Guid(cdf221ee2d0a60642ada4f3948734cfc) Importer(815301076,1909f56bfc062723c751e8b465ee728b)
Start importing Assets/Motion/é›™åˆ€/æœ‰å¤§é¢¨è»Š(é›™æ‰‹åŠ)çš„å„ç¨®åŸºæœ¬å‹•ä½œ/Animations/Combat/BowShot.fbx using Guid(cdf221ee2d0a60642ada4f3948734cfc) Importer(815301076,1909f56bfc062723c751e8b465ee728b) [PhysX] Initialized MultithreadedTaskDispatcher with 20 workers.
 -> (artifact id: 'e4077d6723c3c38a36227ecc20fa3778') in 0.004627 seconds
Number of updated asset objects reloaded before import = 0
Number of asset objects unloaded after import = 160
========================================================================
Received Import Request.
  Time since last request: 0.193267 seconds.
  path: Assets/Motion/é›™åˆ€/æœ‰å¤§é¢¨è»Š(é›™æ‰‹åŠ)çš„å„ç¨®åŸºæœ¬å‹•ä½œ/Animations/Combat/CastingLoop.fbx
  artifactKey: Guid(78bd7f186a4e30546bd86f9878567967) Importer(815301076,1909f56bfc062723c751e8b465ee728b)
Start importing Assets/Motion/é›™åˆ€/æœ‰å¤§é¢¨è»Š(é›™æ‰‹åŠ)çš„å„ç¨®åŸºæœ¬å‹•ä½œ/Animations/Combat/CastingLoop.fbx using Guid(78bd7f186a4e30546bd86f9878567967) Importer(815301076,1909f56bfc062723c751e8b465ee728b) [PhysX] Initialized MultithreadedTaskDispatcher with 20 workers.
 -> (artifact id: 'ded89ee307f778c026947aa5dffcf62c') in 0.005928 seconds
Number of updated asset objects reloaded before import = 0
Number of asset objects unloaded after import = 160
========================================================================
Received Import Request.
  Time since last request: 0.196861 seconds.
  path: Assets/Motion/å¤§åŠ/æœ‰å¤§é¢¨è»Š(é›™æ‰‹åŠ)çš„å„ç¨®åŸºæœ¬å‹•ä½œ/Animations/Combat/BowShot.fbx
  artifactKey: Guid(91def566cc2d4464a846e27f9e0afe3f) Importer(815301076,1909f56bfc062723c751e8b465ee728b)
Start importing Assets/Motion/å¤§åŠ/æœ‰å¤§é¢¨è»Š(é›™æ‰‹åŠ)çš„å„ç¨®åŸºæœ¬å‹•ä½œ/Animations/Combat/BowShot.fbx using Guid(91def566cc2d4464a846e27f9e0afe3f) Importer(815301076,1909f56bfc062723c751e8b465ee728b) [PhysX] Initialized MultithreadedTaskDispatcher with 20 workers.
 -> (artifact id: 'e911d475d6a7e036db34e1782d88f4f8') in 0.003657 seconds
Number of updated asset objects reloaded before import = 0
Number of asset objects unloaded after import = 160
========================================================================
Received Import Request.
  Time since last request: 0.000012 seconds.
  path: Assets/Motion/å¤§åŠ/æœ‰å¤§é¢¨è»Š(é›™æ‰‹åŠ)çš„å„ç¨®åŸºæœ¬å‹•ä½œ/Animations/Combat/Death.fbx
  artifactKey: Guid(2f54a9eedbadcb14092b79f5e17b8bfc) Importer(815301076,1909f56bfc062723c751e8b465ee728b)
Start importing Assets/Motion/å¤§åŠ/æœ‰å¤§é¢¨è»Š(é›™æ‰‹åŠ)çš„å„ç¨®åŸºæœ¬å‹•ä½œ/Animations/Combat/Death.fbx using Guid(2f54a9eedbadcb14092b79f5e17b8bfc) Importer(815301076,1909f56bfc062723c751e8b465ee728b) [PhysX] Initialized MultithreadedTaskDispatcher with 20 workers.
 -> (artifact id: '6e246c0a444bbc8698dfe1f73de991f7') in 0.005692 seconds
Number of updated asset objects reloaded before import = 0
Number of asset objects unloaded after import = 160
========================================================================
Received Import Request.
  Time since last request: 0.000015 seconds.
  path: Assets/Motion/é›™åˆ€/æœ‰å¤§é¢¨è»Š(é›™æ‰‹åŠ)çš„å„ç¨®åŸºæœ¬å‹•ä½œ/Animations/Combat/GetHit.fbx
  artifactKey: Guid(7ad68b8af8f66924582aac0c256395f3) Importer(815301076,1909f56bfc062723c751e8b465ee728b)
Start importing Assets/Motion/é›™åˆ€/æœ‰å¤§é¢¨è»Š(é›™æ‰‹åŠ)çš„å„ç¨®åŸºæœ¬å‹•ä½œ/Animations/Combat/GetHit.fbx using Guid(7ad68b8af8f66924582aac0c256395f3) Importer(815301076,1909f56bfc062723c751e8b465ee728b) [PhysX] Initialized MultithreadedTaskDispatcher with 20 workers.
 -> (artifact id: 'bc82ff4fb18d4107a36d587ff2ffda98') in 0.003615 seconds
Number of updated asset objects reloaded before import = 0
Number of asset objects unloaded after import = 160
========================================================================
Received Import Request.
  Time since last request: 0.000017 seconds.
  path: Assets/Motion/å¤§åŠ/æœ‰å¤§é¢¨è»Š(é›™æ‰‹åŠ)çš„å„ç¨®åŸºæœ¬å‹•ä½œ/Animations/Gathering/Gathering.fbx
  artifactKey: Guid(6c051197c793ca244a5cfb055fdb4fbf) Importer(815301076,1909f56bfc062723c751e8b465ee728b)
Start importing Assets/Motion/å¤§åŠ/æœ‰å¤§é¢¨è»Š(é›™æ‰‹åŠ)çš„å„ç¨®åŸºæœ¬å‹•ä½œ/Animations/Gathering/Gathering.fbx using Guid(6c051197c793ca244a5cfb055fdb4fbf) Importer(815301076,1909f56bfc062723c751e8b465ee728b) [PhysX] Initialized MultithreadedTaskDispatcher with 20 workers.
 -> (artifact id: '310bae217ad30e03ba90c7f73dfa14a7') in 0.008911 seconds
Number of updated asset objects reloaded before import = 0
Number of asset objects unloaded after import = 160
========================================================================
Received Import Request.
  Time since last request: 0.000021 seconds.
  path: Assets/Motion/é›™åˆ€/æœ‰å¤§é¢¨è»Š(é›™æ‰‹åŠ)çš„å„ç¨®åŸºæœ¬å‹•ä½œ/Animations/Combat/IdleCombat.fbx
  artifactKey: Guid(dc08130a06d357744884b8cf2b06b5e9) Importer(815301076,1909f56bfc062723c751e8b465ee728b)
Start importing Assets/Motion/é›™åˆ€/æœ‰å¤§é¢¨è»Š(é›™æ‰‹åŠ)çš„å„ç¨®åŸºæœ¬å‹•ä½œ/Animations/Combat/IdleCombat.fbx using Guid(dc08130a06d357744884b8cf2b06b5e9) Importer(815301076,1909f56bfc062723c751e8b465ee728b) [PhysX] Initialized MultithreadedTaskDispatcher with 20 workers.
 -> (artifact id: '1707cf377b57fe37cc725d289656df7f') in 0.004320 seconds
Number of updated asset objects reloaded before import = 0
Number of asset objects unloaded after import = 160
========================================================================
Received Import Request.
  Time since last request: 0.000017 seconds.
  path: Assets/Motion/å¤§åŠ/æœ‰å¤§é¢¨è»Š(é›™æ‰‹åŠ)çš„å„ç¨®åŸºæœ¬å‹•ä½œ/Animations/Combat/Buff.fbx
  artifactKey: Guid(a9a04e3470f094f4e8468b73106e34c1) Importer(815301076,1909f56bfc062723c751e8b465ee728b)
Start importing Assets/Motion/å¤§åŠ/æœ‰å¤§é¢¨è»Š(é›™æ‰‹åŠ)çš„å„ç¨®åŸºæœ¬å‹•ä½œ/Animations/Combat/Buff.fbx using Guid(a9a04e3470f094f4e8468b73106e34c1) Importer(815301076,1909f56bfc062723c751e8b465ee728b) [PhysX] Initialized MultithreadedTaskDispatcher with 20 workers.
 -> (artifact id: '0bf68cde96fc72855bfba46155de020f') in 0.004522 seconds
Number of updated asset objects reloaded before import = 0
Number of asset objects unloaded after import = 160
========================================================================
Received Import Request.
  Time since last request: 0.000018 seconds.
  path: Assets/Motion/å¤§åŠ/æœ‰å¤§é¢¨è»Š(é›™æ‰‹åŠ)çš„å„ç¨®åŸºæœ¬å‹•ä½œ/Animations/Movement/FallingLoop.fbx
  artifactKey: Guid(e8e8026d23e25d4499389e27a0d5dc43) Importer(815301076,1909f56bfc062723c751e8b465ee728b)
Start importing Assets/Motion/å¤§åŠ/æœ‰å¤§é¢¨è»Š(é›™æ‰‹åŠ)çš„å„ç¨®åŸºæœ¬å‹•ä½œ/Animations/Movement/FallingLoop.fbx using Guid(e8e8026d23e25d4499389e27a0d5dc43) Importer(815301076,1909f56bfc062723c751e8b465ee728b) [PhysX] Initialized MultithreadedTaskDispatcher with 20 workers.
 -> (artifact id: 'e79e8692548a843691f7bb33567fd8d0') in 0.003846 seconds
Number of updated asset objects reloaded before import = 0
Number of asset objects unloaded after import = 160
========================================================================
Received Import Request.
  Time since last request: 1.197042 seconds.
  path: Assets/Motion/é›™åˆ€/æœ‰å¤§é¢¨è»Š(é›™æ‰‹åŠ)çš„å„ç¨®åŸºæœ¬å‹•ä½œ/Animations/Movement/Jumps.fbx
  artifactKey: Guid(f3ecb786c060c5d4b954c1101993ba93) Importer(815301076,1909f56bfc062723c751e8b465ee728b)
Start importing Assets/Motion/é›™åˆ€/æœ‰å¤§é¢¨è»Š(é›™æ‰‹åŠ)çš„å„ç¨®åŸºæœ¬å‹•ä½œ/Animations/Movement/Jumps.fbx using Guid(f3ecb786c060c5d4b954c1101993ba93) Importer(815301076,1909f56bfc062723c751e8b465ee728b) [PhysX] Initialized MultithreadedTaskDispatcher with 20 workers.
 -> (artifact id: '44718bb503fc0f1120954b3916bce1b3') in 0.007059 seconds
Number of updated asset objects reloaded before import = 0
Number of asset objects unloaded after import = 162
========================================================================
Received Import Request.
  Time since last request: 0.000012 seconds.
  path: Assets/Motion/å¤§åŠ/æœ‰å¤§é¢¨è»Š(é›™æ‰‹åŠ)çš„å„ç¨®åŸºæœ¬å‹•ä½œ/Animations/Movement/Jumps.fbx
  artifactKey: Guid(0afc78e86720c444691957cd2488f464) Importer(815301076,1909f56bfc062723c751e8b465ee728b)
Start importing Assets/Motion/å¤§åŠ/æœ‰å¤§é¢¨è»Š(é›™æ‰‹åŠ)çš„å„ç¨®åŸºæœ¬å‹•ä½œ/Animations/Movement/Jumps.fbx using Guid(0afc78e86720c444691957cd2488f464) Importer(815301076,1909f56bfc062723c751e8b465ee728b) [PhysX] Initialized MultithreadedTaskDispatcher with 20 workers.
 -> (artifact id: '712a61ff24d2aa66a369f0e146e503e3') in 0.005621 seconds
Number of updated asset objects reloaded before import = 0
Number of asset objects unloaded after import = 162
========================================================================
Received Import Request.
  Time since last request: 0.000022 seconds.
  path: Assets/Motion/å¤§åŠ/æœ‰å¤§é¢¨è»Š(é›™æ‰‹åŠ)çš„å„ç¨®åŸºæœ¬å‹•ä½œ/Animations/Movement/JumpWhileRunning.fbx
  artifactKey: Guid(4ce1b5b64de508b40a2dd40ce12f07fc) Importer(815301076,1909f56bfc062723c751e8b465ee728b)
Start importing Assets/Motion/å¤§åŠ/æœ‰å¤§é¢¨è»Š(é›™æ‰‹åŠ)çš„å„ç¨®åŸºæœ¬å‹•ä½œ/Animations/Movement/JumpWhileRunning.fbx using Guid(4ce1b5b64de508b40a2dd40ce12f07fc) Importer(815301076,1909f56bfc062723c751e8b465ee728b) [PhysX] Initialized MultithreadedTaskDispatcher with 20 workers.
 -> (artifact id: '317e55580ae6b2be9c657afbfe4685c2') in 0.006436 seconds
Number of updated asset objects reloaded before import = 0
Number of asset objects unloaded after import = 160
========================================================================
Received Import Request.
  Time since last request: 0.000021 seconds.
  path: Assets/Motion/é›™åˆ€/æœ‰å¤§é¢¨è»Š(é›™æ‰‹åŠ)çš„å„ç¨®åŸºæœ¬å‹•ä½œ/Animations/Movement/JumpWhileRunning.fbx
  artifactKey: Guid(8de3488ba537f3c45af27977b4b6ee11) Importer(815301076,1909f56bfc062723c751e8b465ee728b)
Start importing Assets/Motion/é›™åˆ€/æœ‰å¤§é¢¨è»Š(é›™æ‰‹åŠ)çš„å„ç¨®åŸºæœ¬å‹•ä½œ/Animations/Movement/JumpWhileRunning.fbx using Guid(8de3488ba537f3c45af27977b4b6ee11) Importer(815301076,1909f56bfc062723c751e8b465ee728b) [PhysX] Initialized MultithreadedTaskDispatcher with 20 workers.
 -> (artifact id: '8997ee660d56edb0216988188ad4c2e5') in 0.004826 seconds
Number of updated asset objects reloaded before import = 0
Number of asset objects unloaded after import = 160
========================================================================
Received Import Request.
  Time since last request: 0.256467 seconds.
  path: Assets/Motion/å¤§åŠ/æœ‰å¤§é¢¨è»Š(é›™æ‰‹åŠ)çš„å„ç¨®åŸºæœ¬å‹•ä½œ/Animations/Combat/MeeleeAttack_OneHanded.fbx
  artifactKey: Guid(f02c27f54134ef74c986be9d54175e11) Importer(815301076,1909f56bfc062723c751e8b465ee728b)
Start importing Assets/Motion/å¤§åŠ/æœ‰å¤§é¢¨è»Š(é›™æ‰‹åŠ)çš„å„ç¨®åŸºæœ¬å‹•ä½œ/Animations/Combat/MeeleeAttack_OneHanded.fbx using Guid(f02c27f54134ef74c986be9d54175e11) Importer(815301076,1909f56bfc062723c751e8b465ee728b) [PhysX] Initialized MultithreadedTaskDispatcher with 20 workers.
 -> (artifact id: 'abbba7c46143b1a5133f655a65101f9e') in 0.004287 seconds
Number of updated asset objects reloaded before import = 0
Number of asset objects unloaded after import = 160
========================================================================
Received Import Request.
  Time since last request: 0.000013 seconds.
  path: Assets/Motion/å¤§åŠ/æœ‰å¤§é¢¨è»Š(é›™æ‰‹åŠ)çš„å„ç¨®åŸºæœ¬å‹•ä½œ/Animations/Combat/MeeleeAttack_TwoHanded.fbx
  artifactKey: Guid(aa2a2cfbbb4e3844b85addcb11c2cd74) Importer(815301076,1909f56bfc062723c751e8b465ee728b)
Start importing Assets/Motion/å¤§åŠ/æœ‰å¤§é¢¨è»Š(é›™æ‰‹åŠ)çš„å„ç¨®åŸºæœ¬å‹•ä½œ/Animations/Combat/MeeleeAttack_TwoHanded.fbx using Guid(aa2a2cfbbb4e3844b85addcb11c2cd74) Importer(815301076,1909f56bfc062723c751e8b465ee728b) [PhysX] Initialized MultithreadedTaskDispatcher with 20 workers.
 -> (artifact id: '97da637d9ee593cc57716cc7e2533a63') in 0.007477 seconds
Number of updated asset objects reloaded before import = 0
Number of asset objects unloaded after import = 160
========================================================================
Received Import Request.
  Time since last request: 0.000017 seconds.
  path: Assets/Motion/å¤§åŠ/æœ‰å¤§é¢¨è»Š(é›™æ‰‹åŠ)çš„å„ç¨®åŸºæœ¬å‹•ä½œ/Animations/Combat/PunchLeft.fbx
  artifactKey: Guid(8b3ad3c4173cc7f428e7ea11fef2ff09) Importer(815301076,1909f56bfc062723c751e8b465ee728b)
Start importing Assets/Motion/å¤§åŠ/æœ‰å¤§é¢¨è»Š(é›™æ‰‹åŠ)çš„å„ç¨®åŸºæœ¬å‹•ä½œ/Animations/Combat/PunchLeft.fbx using Guid(8b3ad3c4173cc7f428e7ea11fef2ff09) Importer(815301076,1909f56bfc062723c751e8b465ee728b) [PhysX] Initialized MultithreadedTaskDispatcher with 20 workers.
 -> (artifact id: '832b9a50808cfffe78cfa50f39fc0e0d') in 0.006435 seconds
Number of updated asset objects reloaded before import = 0
Number of asset objects unloaded after import = 160
========================================================================
Received Import Request.
  Time since last request: 0.000014 seconds.
  path: Assets/Motion/é›™åˆ€/æœ‰å¤§é¢¨è»Š(é›™æ‰‹åŠ)çš„å„ç¨®åŸºæœ¬å‹•ä½œ/Animations/Gathering/MiningLoop.fbx
  artifactKey: Guid(2df74369c92f82946999fd591a09eceb) Importer(815301076,1909f56bfc062723c751e8b465ee728b)
Start importing Assets/Motion/é›™åˆ€/æœ‰å¤§é¢¨è»Š(é›™æ‰‹åŠ)çš„å„ç¨®åŸºæœ¬å‹•ä½œ/Animations/Gathering/MiningLoop.fbx using Guid(2df74369c92f82946999fd591a09eceb) Importer(815301076,1909f56bfc062723c751e8b465ee728b) [PhysX] Initialized MultithreadedTaskDispatcher with 20 workers.
 -> (artifact id: 'd366c870205311fd2b410c14d8385437') in 0.004099 seconds
Number of updated asset objects reloaded before import = 0
Number of asset objects unloaded after import = 160
========================================================================
Received Import Request.
  Time since last request: 0.000012 seconds.
  path: Assets/Motion/é›™åˆ€/æœ‰å¤§é¢¨è»Š(é›™æ‰‹åŠ)çš„å„ç¨®åŸºæœ¬å‹•ä½œ/Animations/Combat/MeeleeAttack_TwoHanded.fbx
  artifactKey: Guid(b96f9ee671b26194d801a9b1021f0fc6) Importer(815301076,1909f56bfc062723c751e8b465ee728b)
Start importing Assets/Motion/é›™åˆ€/æœ‰å¤§é¢¨è»Š(é›™æ‰‹åŠ)çš„å„ç¨®åŸºæœ¬å‹•ä½œ/Animations/Combat/MeeleeAttack_TwoHanded.fbx using Guid(b96f9ee671b26194d801a9b1021f0fc6) Importer(815301076,1909f56bfc062723c751e8b465ee728b) [PhysX] Initialized MultithreadedTaskDispatcher with 20 workers.
 -> (artifact id: 'a6104a2b1587ed955d96e23fbe32d4bc') in 0.004739 seconds
Number of updated asset objects reloaded before import = 0
Number of asset objects unloaded after import = 160
========================================================================
Received Import Request.
  Time since last request: 0.038140 seconds.
  path: Assets/Motion/å¤§åŠ/æœ‰å¤§é¢¨è»Š(é›™æ‰‹åŠ)çš„å„ç¨®åŸºæœ¬å‹•ä½œ/Animations/Movement/RollBackward.fbx
  artifactKey: Guid(bd66cbbb90b4e51439bcc2db252e9e57) Importer(815301076,1909f56bfc062723c751e8b465ee728b)
Start importing Assets/Motion/å¤§åŠ/æœ‰å¤§é¢¨è»Š(é›™æ‰‹åŠ)çš„å„ç¨®åŸºæœ¬å‹•ä½œ/Animations/Movement/RollBackward.fbx using Guid(bd66cbbb90b4e51439bcc2db252e9e57) Importer(815301076,1909f56bfc062723c751e8b465ee728b) [PhysX] Initialized MultithreadedTaskDispatcher with 20 workers.
 -> (artifact id: 'e7d8ecc8bfa94de51b30fff9a301af80') in 0.004888 seconds
Number of updated asset objects reloaded before import = 0
Number of asset objects unloaded after import = 160
========================================================================
Received Import Request.
  Time since last request: 0.000013 seconds.
  path: Assets/Motion/é›™åˆ€/æœ‰å¤§é¢¨è»Š(é›™æ‰‹åŠ)çš„å„ç¨®åŸºæœ¬å‹•ä½œ/Animations/Movement/RollForward.fbx
  artifactKey: Guid(5c46265a19177c84088b79c7a1e48f49) Importer(815301076,1909f56bfc062723c751e8b465ee728b)
Start importing Assets/Motion/é›™åˆ€/æœ‰å¤§é¢¨è»Š(é›™æ‰‹åŠ)çš„å„ç¨®åŸºæœ¬å‹•ä½œ/Animations/Movement/RollForward.fbx using Guid(5c46265a19177c84088b79c7a1e48f49) Importer(815301076,1909f56bfc062723c751e8b465ee728b) [PhysX] Initialized MultithreadedTaskDispatcher with 20 workers.
 -> (artifact id: '9bb841fbf0955a774ce2014be7b74728') in 0.006549 seconds
Number of updated asset objects reloaded before import = 0
Number of asset objects unloaded after import = 160
========================================================================
Received Import Request.
  Time since last request: 0.178958 seconds.
  path: Assets/Motion/é›™åˆ€/æœ‰å¤§é¢¨è»Š(é›™æ‰‹åŠ)çš„å„ç¨®åŸºæœ¬å‹•ä½œ/Animations/Movement/RollRight.fbx
  artifactKey: Guid(92f90dfc05bed7b43afa2177dbd1fd8f) Importer(815301076,1909f56bfc062723c751e8b465ee728b)
Start importing Assets/Motion/é›™åˆ€/æœ‰å¤§é¢¨è»Š(é›™æ‰‹åŠ)çš„å„ç¨®åŸºæœ¬å‹•ä½œ/Animations/Movement/RollRight.fbx using Guid(92f90dfc05bed7b43afa2177dbd1fd8f) Importer(815301076,1909f56bfc062723c751e8b465ee728b) [PhysX] Initialized MultithreadedTaskDispatcher with 20 workers.
 -> (artifact id: 'ee05fad0cb7b5a51bcc565938bd57932') in 0.006234 seconds
Number of updated asset objects reloaded before import = 0
Number of asset objects unloaded after import = 160
========================================================================
Received Import Request.
  Time since last request: 0.000017 seconds.
  path: Assets/Motion/å¤§åŠ/æœ‰å¤§é¢¨è»Š(é›™æ‰‹åŠ)çš„å„ç¨®åŸºæœ¬å‹•ä½œ/Animations/Movement/RollRight.fbx
  artifactKey: Guid(efe848656b6e81049b6989d18f450522) Importer(815301076,1909f56bfc062723c751e8b465ee728b)
Start importing Assets/Motion/å¤§åŠ/æœ‰å¤§é¢¨è»Š(é›™æ‰‹åŠ)çš„å„ç¨®åŸºæœ¬å‹•ä½œ/Animations/Movement/RollRight.fbx using Guid(efe848656b6e81049b6989d18f450522) Importer(815301076,1909f56bfc062723c751e8b465ee728b) [PhysX] Initialized MultithreadedTaskDispatcher with 20 workers.
 -> (artifact id: '4ff4386e245f659d520343949f760e2f') in 0.005362 seconds
Number of updated asset objects reloaded before import = 0
Number of asset objects unloaded after import = 160
========================================================================
Received Import Request.
  Time since last request: 0.050236 seconds.
  path: Assets/Motion/å¤§åŠ/æœ‰å¤§é¢¨è»Š(é›™æ‰‹åŠ)çš„å„ç¨®åŸºæœ¬å‹•ä½œ/Animations/Movement/RunBackwardLeft.fbx
  artifactKey: Guid(02088c73005bff84b991a389ebb13283) Importer(815301076,1909f56bfc062723c751e8b465ee728b)
Start importing Assets/Motion/å¤§åŠ/æœ‰å¤§é¢¨è»Š(é›™æ‰‹åŠ)çš„å„ç¨®åŸºæœ¬å‹•ä½œ/Animations/Movement/RunBackwardLeft.fbx using Guid(02088c73005bff84b991a389ebb13283) Importer(815301076,1909f56bfc062723c751e8b465ee728b) [PhysX] Initialized MultithreadedTaskDispatcher with 20 workers.
 -> (artifact id: '015c865d2689c772c9b4d580923f5c07') in 0.005024 seconds
Number of updated asset objects reloaded before import = 0
Number of asset objects unloaded after import = 160
========================================================================
Received Import Request.
  Time since last request: 0.000091 seconds.
  path: Assets/Motion/é›™åˆ€/æœ‰å¤§é¢¨è»Š(é›™æ‰‹åŠ)çš„å„ç¨®åŸºæœ¬å‹•ä½œ/Animations/Movement/RunBackwardRight.fbx
  artifactKey: Guid(994a3462b80fe024cbca87f322080368) Importer(815301076,1909f56bfc062723c751e8b465ee728b)
Start importing Assets/Motion/é›™åˆ€/æœ‰å¤§é¢¨è»Š(é›™æ‰‹åŠ)çš„å„ç¨®åŸºæœ¬å‹•ä½œ/Animations/Movement/RunBackwardRight.fbx using Guid(994a3462b80fe024cbca87f322080368) Importer(815301076,1909f56bfc062723c751e8b465ee728b) [PhysX] Initialized MultithreadedTaskDispatcher with 20 workers.
 -> (artifact id: 'baf8e0d1b1bda389b588d5e20dc11d87') in 0.005881 seconds
Number of updated asset objects reloaded before import = 0
Number of asset objects unloaded after import = 160
========================================================================
Received Import Request.
  Time since last request: 0.000017 seconds.
  path: Assets/Motion/å¤§åŠ/æœ‰å¤§é¢¨è»Š(é›™æ‰‹åŠ)çš„å„ç¨®åŸºæœ¬å‹•ä½œ/Animations/Movement/RunBackwardRight.fbx
  artifactKey: Guid(de299b92771f5e2469b1e2b019c03f00) Importer(815301076,1909f56bfc062723c751e8b465ee728b)
Start importing Assets/Motion/å¤§åŠ/æœ‰å¤§é¢¨è»Š(é›™æ‰‹åŠ)çš„å„ç¨®åŸºæœ¬å‹•ä½œ/Animations/Movement/RunBackwardRight.fbx using Guid(de299b92771f5e2469b1e2b019c03f00) Importer(815301076,1909f56bfc062723c751e8b465ee728b) [PhysX] Initialized MultithreadedTaskDispatcher with 20 workers.
 -> (artifact id: '89186ce58dcbbc38cf852f2239013759') in 0.005767 seconds
Number of updated asset objects reloaded before import = 0
Number of asset objects unloaded after import = 160
========================================================================
Received Import Request.
  Time since last request: 2.173699 seconds.
  path: Assets/Motion/å¤§åŠ/æœ‰å¤§é¢¨è»Š(é›™æ‰‹åŠ)çš„å„ç¨®åŸºæœ¬å‹•ä½œ/Animations/Movement/RunRight.fbx
  artifactKey: Guid(390c6b5919aae1b438fda48c6692efe3) Importer(815301076,1909f56bfc062723c751e8b465ee728b)
Start importing Assets/Motion/å¤§åŠ/æœ‰å¤§é¢¨è»Š(é›™æ‰‹åŠ)çš„å„ç¨®åŸºæœ¬å‹•ä½œ/Animations/Movement/RunRight.fbx using Guid(390c6b5919aae1b438fda48c6692efe3) Importer(815301076,1909f56bfc062723c751e8b465ee728b) [PhysX] Initialized MultithreadedTaskDispatcher with 20 workers.
 -> (artifact id: '682dae6112ff4decfccbb0f95463963a') in 0.008786 seconds
Number of updated asset objects reloaded before import = 0
Number of asset objects unloaded after import = 160
========================================================================
Received Import Request.
  Time since last request: 0.215354 seconds.
  path: Assets/Motion/å¤§åŠ/æœ‰å¤§é¢¨è»Š(é›™æ‰‹åŠ)çš„å„ç¨®åŸºæœ¬å‹•ä½œ/Animations/Combat/SpinAttack_TwoHanded.fbx
  artifactKey: Guid(327f9a2420c67754291a2b35ee54fcf7) Importer(815301076,1909f56bfc062723c751e8b465ee728b)
Start importing Assets/Motion/å¤§åŠ/æœ‰å¤§é¢¨è»Š(é›™æ‰‹åŠ)çš„å„ç¨®åŸºæœ¬å‹•ä½œ/Animations/Combat/SpinAttack_TwoHanded.fbx using Guid(327f9a2420c67754291a2b35ee54fcf7) Importer(815301076,1909f56bfc062723c751e8b465ee728b) [PhysX] Initialized MultithreadedTaskDispatcher with 20 workers.
 -> (artifact id: '4cf4f92190ca9fd86bb86bbc6667209d') in 0.007341 seconds
Number of updated asset objects reloaded before import = 0
Number of asset objects unloaded after import = 160
========================================================================
Received Import Request.
  Time since last request: 0.080832 seconds.
  path: Assets/Motion/é›™åˆ€/æœ‰å¤§é¢¨è»Š(é›™æ‰‹åŠ)çš„å„ç¨®åŸºæœ¬å‹•ä½œ/Animations/Combat/SpinToWin_OneHanded.fbx
  artifactKey: Guid(e993f60746ed9664cb823bcb3aa305be) Importer(815301076,1909f56bfc062723c751e8b465ee728b)
Start importing Assets/Motion/é›™åˆ€/æœ‰å¤§é¢¨è»Š(é›™æ‰‹åŠ)çš„å„ç¨®åŸºæœ¬å‹•ä½œ/Animations/Combat/SpinToWin_OneHanded.fbx using Guid(e993f60746ed9664cb823bcb3aa305be) Importer(815301076,1909f56bfc062723c751e8b465ee728b) [PhysX] Initialized MultithreadedTaskDispatcher with 20 workers.
 -> (artifact id: 'ef35a89f88b6842fe7b75b7ac391c564') in 0.005476 seconds
Number of updated asset objects reloaded before import = 0
Number of asset objects unloaded after import = 160
========================================================================
Received Import Request.
  Time since last request: 0.000008 seconds.
  path: Assets/Motion/é›™åˆ€/æœ‰å¤§é¢¨è»Š(é›™æ‰‹åŠ)çš„å„ç¨®åŸºæœ¬å‹•ä½œ/Animations/Movement/StrafeLeft.fbx
  artifactKey: Guid(b1bf89d635957f646aef6bd5a0dac8f9) Importer(815301076,1909f56bfc062723c751e8b465ee728b)
Start importing Assets/Motion/é›™åˆ€/æœ‰å¤§é¢¨è»Š(é›™æ‰‹åŠ)çš„å„ç¨®åŸºæœ¬å‹•ä½œ/Animations/Movement/StrafeLeft.fbx using Guid(b1bf89d635957f646aef6bd5a0dac8f9) Importer(815301076,1909f56bfc062723c751e8b465ee728b) [PhysX] Initialized MultithreadedTaskDispatcher with 20 workers.
 -> (artifact id: '0469c1723fc8cb9e2bac8ae032633fde') in 0.005871 seconds
Number of updated asset objects reloaded before import = 0
Number of asset objects unloaded after import = 160
========================================================================
Received Import Request.
  Time since last request: 0.177063 seconds.
  path: Assets/Motion/å¤§åŠ/æœ‰å¤§é¢¨è»Š(é›™æ‰‹åŠ)çš„å„ç¨®åŸºæœ¬å‹•ä½œ/Animations/Combat/StunnedLoop.fbx
  artifactKey: Guid(413b515a7205a0d45b98b90a512184b0) Importer(815301076,1909f56bfc062723c751e8b465ee728b)
Start importing Assets/Motion/å¤§åŠ/æœ‰å¤§é¢¨è»Š(é›™æ‰‹åŠ)çš„å„ç¨®åŸºæœ¬å‹•ä½œ/Animations/Combat/StunnedLoop.fbx using Guid(413b515a7205a0d45b98b90a512184b0) Importer(815301076,1909f56bfc062723c751e8b465ee728b) [PhysX] Initialized MultithreadedTaskDispatcher with 20 workers.
 -> (artifact id: '45811b26d72fb307b6fdfc6fb9f82aa1') in 0.006974 seconds
Number of updated asset objects reloaded before import = 0
Number of asset objects unloaded after import = 160
========================================================================
Received Import Request.
  Time since last request: 0.082274 seconds.
  path: Assets/Motion/å¤§åŠ/æœ‰å¤§é¢¨è»Š(é›™æ‰‹åŠ)çš„å„ç¨®åŸºæœ¬å‹•ä½œ/Animations/Movement/WalkBackwardLeft.fbx
  artifactKey: Guid(ea83a9e441b41f9419e1eb7e36664fc8) Importer(815301076,1909f56bfc062723c751e8b465ee728b)
Start importing Assets/Motion/å¤§åŠ/æœ‰å¤§é¢¨è»Š(é›™æ‰‹åŠ)çš„å„ç¨®åŸºæœ¬å‹•ä½œ/Animations/Movement/WalkBackwardLeft.fbx using Guid(ea83a9e441b41f9419e1eb7e36664fc8) Importer(815301076,1909f56bfc062723c751e8b465ee728b) [PhysX] Initialized MultithreadedTaskDispatcher with 20 workers.
 -> (artifact id: '3f04bd26e0cc41ae08cab7f29bc550ec') in 0.005563 seconds
Number of updated asset objects reloaded before import = 0
Number of asset objects unloaded after import = 160
Editor requested this worker to shutdown with reason: Scaling down because of idle timeout
TcpMessagingSession - receive error
AssetImportWorkerClient::OnTransportError - code=2 error=End of file
AssetImportWorker is now disconnected from the server
Process exiting
Exiting without the bug reporter. Application will terminate with return code 0